<?xml version="1.0" encoding="UTF-8"?>
<!-- Generated by org.testng.reporters.JUnitReportReporter -->
<testsuite hostname="IBM-PF32PKSA" failures="0" tests="1" name="testNG.NumberOfLinks" time="7.310" errors="0" timestamp="2024-07-26T22:20:56 IST" skipped="0">
  <testcase classname="testNG.NumberOfLinks" name="Main" time="7.310"/>
  <system-out/>
</testsuite> <!-- testNG.NumberOfLinks -->
