<?xml version="1.0" encoding="UTF-8"?>
<!-- Generated by org.testng.reporters.JUnitReportReporter -->
<testsuite hostname="IBM-PF32PKSA" failures="0" tests="1" name="testCases.TC_004_AddCart" time="3.245" errors="0" timestamp="2025-03-07T20:57:25 IST" skipped="0">
  <testcase classname="testCases.TC_004_AddCart" name="testAddCart" time="3.245"/>
</testsuite> <!-- testCases.TC_004_AddCart -->
