<?xml version="1.0" encoding="UTF-8"?>
<!-- Generated by org.testng.reporters.JUnitReportReporter -->
<testsuite hostname="IBM-PF32PKSA" failures="0" tests="1" name="testCases.TC_001_Login" time="2.128" errors="0" timestamp="2025-03-08T11:37:05 IST" skipped="0">
  <testcase classname="testCases.TC_001_Login" name="testLogin" time="2.128"/>
</testsuite> <!-- testCases.TC_001_Login -->
