<?xml version="1.0" encoding="UTF-8"?>
<!-- Generated by org.testng.reporters.JUnitReportReporter -->
<testsuite hostname="IBM-PF32PKSA" failures="0" tests="1" name="day1.Maintest" time="1.885" errors="0" timestamp="2025-02-09T08:42:56 IST" skipped="0">
  <testcase classname="day1.Maintest" name="testLogin" time="1.885"/>
</testsuite> <!-- day1.Maintest -->
