<?xml version="1.0" encoding="UTF-8"?>
<!-- Generated by org.testng.reporters.JUnitReportReporter -->
<testsuite hostname="IBM-PF32PKSA" failures="0" tests="1" name="testCases.TC_002_Search1" time="3.003" errors="0" timestamp="2025-03-08T11:35:40 IST" skipped="0">
  <testcase classname="testCases.TC_002_Search1" name="testSearch" time="3.003"/>
</testsuite> <!-- testCases.TC_002_Search1 -->
